{"numFailedTestSuites":1,"numFailedTests":0,"numPassedTestSuites":0,"numPassedTests":0,"numPendingTestSuites":0,"numPendingTests":0,"numRuntimeErrorTestSuites":1,"numTodoTests":0,"numTotalTestSuites":1,"numTotalTests":0,"openHandles":[],"snapshot":{"added":0,"didUpdate":false,"failure":false,"filesAdded":0,"filesRemoved":0,"filesRemovedList":[],"filesUnmatched":0,"filesUpdated":0,"matched":0,"total":0,"unchecked":0,"uncheckedKeysByFile":[],"unmatched":0,"updated":0},"startTime":1785758014183,"success":false,"testResults":[{"assertionResults":[],"coverage":{},"endTime":1785758015793,"message":"  \u001b[1m● \u001b[22mTest suite failed to run\n\n    \u001b[1m\u001b[31mJest encountered an unexpected token\u001b[39m\u001b[22m\n\n    Jest failed to parse a file. This happens e.g. when your code or its dependencies use non-standard JavaScript syntax, or when Jest is not configured to support such syntax.\n\n    Out of the box Jest supports Babel, which will be used to transform your files into valid JS based on your Babel configuration.\n\n    By default \"node_modules\" folder is ignored by transformers.\n\n    Here's what you can do:\n     • If you are trying to use ECMAScript Modules, see \u001b[4mhttps://jestjs.io/docs/ecmascript-modules\u001b[24m for how to enable it.\n     • If you are trying to use TypeScript, see \u001b[4mhttps://jestjs.io/docs/getting-started#using-typescript\u001b[24m\n     • To have some of your \"node_modules\" files transformed, you can specify a custom \u001b[1m\"transformIgnorePatterns\"\u001b[22m in your config.\n     • If you need a custom transformation, specify a \u001b[1m\"transform\"\u001b[22m option in your config.\n     • If you simply want to mock your non-JS modules (e.g. binary assets) you can stub them out with the \u001b[1m\"moduleNameMapper\"\u001b[22m config option.\n\n    You'll find more details and examples of these config options in the docs:\n    \u001b[36mhttps://jestjs.io/docs/configuration\u001b[39m\n    For information about custom transformations, see:\n    \u001b[36mhttps://jestjs.io/docs/code-transformation\u001b[39m\n\n    \u001b[1m\u001b[31mDetails:\u001b[39m\u001b[22m\n\n    SyntaxError: C:\\Users\\Mohamed\\OneDrive\\Documents\\GitHub\\nodejs-cv-filter-training\\src\\controllers\\authController.js: Identifier 'sendOTPEmail' has already been declared. (396:8)\n\n    \u001b[0m \u001b[90m 394 |\u001b[39m\n     \u001b[90m 395 |\u001b[39m\n    \u001b[31m\u001b[1m>\u001b[22m\u001b[39m\u001b[90m 396 |\u001b[39m \u001b[36mconst\u001b[39m { sendOTPEmail } \u001b[33m=\u001b[39m require(\u001b[32m'../services/emailService'\u001b[39m)\u001b[33m;\u001b[39m\n     \u001b[90m     |\u001b[39m         \u001b[31m\u001b[1m^\u001b[22m\u001b[39m\n     \u001b[90m 397 |\u001b[39m\n     \u001b[90m 398 |\u001b[39m \u001b[36mconst\u001b[39m sendOTP \u001b[33m=\u001b[39m \u001b[36masync\u001b[39m (req\u001b[33m,\u001b[39m res) \u001b[33m=>\u001b[39m {\n     \u001b[90m 399 |\u001b[39m   \u001b[36mtry\u001b[39m {\u001b[0m\n\n    \u001b[0m \u001b[90m 1 |\u001b[39m \u001b[36mconst\u001b[39m express \u001b[33m=\u001b[39m require(\u001b[32m'express'\u001b[39m)\u001b[33m;\u001b[39m\n     \u001b[90m 2 |\u001b[39m \u001b[36mconst\u001b[39m router \u001b[33m=\u001b[39m express\u001b[33m.\u001b[39m\u001b[33mRouter\u001b[39m()\u001b[33m;\u001b[39m\n    \u001b[31m\u001b[1m>\u001b[22m\u001b[39m\u001b[90m 3 |\u001b[39m \u001b[36mconst\u001b[39m { register\u001b[33m,\u001b[39m verifyOTP\u001b[33m,\u001b[39m resendOTP\u001b[33m,\u001b[39m forgotPassword\u001b[33m,\u001b[39m resetPassword\u001b[33m,\u001b[39m login } \u001b[33m=\u001b[39m require(\u001b[32m'../controllers/authController'\u001b[39m)\u001b[33m;\u001b[39m\n     \u001b[90m   |\u001b[39m                                                                                  \u001b[31m\u001b[1m^\u001b[22m\u001b[39m\n     \u001b[90m 4 |\u001b[39m \u001b[36mconst\u001b[39m protect \u001b[33m=\u001b[39m require(\u001b[32m'../middleware/authMiddleware'\u001b[39m)\u001b[33m;\u001b[39m\n     \u001b[90m 5 |\u001b[39m\n     \u001b[90m 6 |\u001b[39m router\u001b[33m.\u001b[39mpost(\u001b[32m'/register'\u001b[39m\u001b[33m,\u001b[39m register)\u001b[33m;\u001b[39m\u001b[0m\n\n      \u001b[2mat constructor (\u001b[22mnode_modules/@babel/parser/src/parse-error.ts\u001b[2m:95:45)\u001b[22m\n      \u001b[2mat Parser.toParseError [as raise] (\u001b[22mnode_modules/@babel/parser/src/tokenizer/index.ts\u001b[2m:1504:19)\u001b[22m\n      \u001b[2mat ScopeHandler.raise [as checkRedeclarationInScope] (\u001b[22mnode_modules/@babel/parser/src/util/scope.ts\u001b[2m:164:19)\u001b[22m\n      \u001b[2mat ScopeHandler.checkRedeclarationInScope [as declareName] (\u001b[22mnode_modules/@babel/parser/src/util/scope.ts\u001b[2m:118:12)\u001b[22m\n      \u001b[2mat Parser.declareName [as declareNameFromIdentifier] (\u001b[22mnode_modules/@babel/parser/src/parser/lval.ts\u001b[2m:876:16)\u001b[22m\n      \u001b[2mat Parser.declareNameFromIdentifier [as checkIdentifier] (\u001b[22mnode_modules/@babel/parser/src/parser/lval.ts\u001b[2m:871:12)\u001b[22m\n      \u001b[2mat Parser.checkIdentifier [as checkLVal] (\u001b[22mnode_modules/@babel/parser/src/parser/lval.ts\u001b[2m:763:12)\u001b[22m\n      \u001b[2mat Parser.checkLVal (\u001b[22mnode_modules/@babel/parser/src/parser/lval.ts\u001b[2m:834:12)\u001b[22m\n      \u001b[2mat Parser.checkLVal (\u001b[22mnode_modules/@babel/parser/src/parser/lval.ts\u001b[2m:822:16)\u001b[22m\n      \u001b[2mat Parser.checkLVal [as parseVarId] (\u001b[22mnode_modules/@babel/parser/src/parser/statement.ts\u001b[2m:1633:10)\u001b[22m\n      \u001b[2mat Parser.parseVarId [as parseVar] (\u001b[22mnode_modules/@babel/parser/src/parser/statement.ts\u001b[2m:1582:12)\u001b[22m\n      \u001b[2mat Parser.parseVar [as parseVarStatement] (\u001b[22mnode_modules/@babel/parser/src/parser/statement.ts\u001b[2m:1251:10)\u001b[22m\n      \u001b[2mat Parser.parseVarStatement [as parseStatementContent] (\u001b[22mnode_modules/@babel/parser/src/parser/statement.ts\u001b[2m:612:21)\u001b[22m\n      \u001b[2mat Parser.parseStatementContent [as parseStatementLike] (\u001b[22mnode_modules/@babel/parser/src/parser/statement.ts\u001b[2m:482:17)\u001b[22m\n      \u001b[2mat Parser.parseStatementLike [as parseModuleItem] (\u001b[22mnode_modules/@babel/parser/src/parser/statement.ts\u001b[2m:419:17)\u001b[22m\n      \u001b[2mat Parser.parseModuleItem [as parseBlockOrModuleBlockBody] (\u001b[22mnode_modules/@babel/parser/src/parser/statement.ts\u001b[2m:1443:16)\u001b[22m\n      \u001b[2mat Parser.parseBlockOrModuleBlockBody [as parseBlockBody] (\u001b[22mnode_modules/@babel/parser/src/parser/statement.ts\u001b[2m:1417:10)\u001b[22m\n      \u001b[2mat Parser.parseBlockBody [as parseProgram] (\u001b[22mnode_modules/@babel/parser/src/parser/statement.ts\u001b[2m:229:10)\u001b[22m\n      \u001b[2mat Parser.parseProgram [as parseTopLevel] (\u001b[22mnode_modules/@babel/parser/src/parser/statement.ts\u001b[2m:203:25)\u001b[22m\n      \u001b[2mat Parser.parseTopLevel [as parse] (\u001b[22mnode_modules/@babel/parser/src/parser/index.ts\u001b[2m:83:25)\u001b[22m\n      \u001b[2mat parse (\u001b[22mnode_modules/@babel/parser/src/index.ts\u001b[2m:86:38)\u001b[22m\n      \u001b[2mat parser (\u001b[22mnode_modules/@babel/core/src/parser/index.ts\u001b[2m:29:19)\u001b[22m\n          at parser.next (<anonymous>)\n      \u001b[2mat normalizeFile (\u001b[22mnode_modules/@babel/core/src/transformation/normalize-file.ts\u001b[2m:49:24)\u001b[22m\n          at normalizeFile.next (<anonymous>)\n      \u001b[2mat run (\u001b[22mnode_modules/@babel/core/src/transformation/index.ts\u001b[2m:41:36)\u001b[22m\n          at run.next (<anonymous>)\n      \u001b[2mat transform (\u001b[22mnode_modules/@babel/core/src/transform.ts\u001b[2m:29:20)\u001b[22m\n          at transform.next (<anonymous>)\n      \u001b[2mat evaluateSync (\u001b[22mnode_modules/gensync/index.js\u001b[2m:251:28)\u001b[22m\n      \u001b[2mat sync (\u001b[22mnode_modules/gensync/index.js\u001b[2m:89:14)\u001b[22m\n      \u001b[2mat fn (\u001b[22mnode_modules/@babel/core/src/errors/rewrite-stack-trace.ts\u001b[2m:99:14)\u001b[22m\n      \u001b[2mat transformSync (\u001b[22mnode_modules/@babel/core/src/transform.ts\u001b[2m:66:52)\u001b[22m\n      \u001b[2mat ScriptTransformer.transformSource (\u001b[22mnode_modules/@jest/transform/build/index.js\u001b[2m:415:31)\u001b[22m\n      \u001b[2mat ScriptTransformer._transformAndBuildScript (\u001b[22mnode_modules/@jest/transform/build/index.js\u001b[2m:512:40)\u001b[22m\n      \u001b[2mat ScriptTransformer.transform (\u001b[22mnode_modules/@jest/transform/build/index.js\u001b[2m:551:19)\u001b[22m\n      \u001b[2mat Object.require (\u001b[22msrc/routes/authRoutes.js\u001b[2m:3:82)\u001b[22m\n      \u001b[2mat Object.require (\u001b[22mserver.js\u001b[2m:8:20)\u001b[22m\n      \u001b[2mat Object.require (\u001b[22m\u001b[0m\u001b[36mtests/auth.test.js\u001b[39m\u001b[0m\u001b[2m:2:13)\u001b[22m\n","name":"C:\\Users\\Mohamed\\OneDrive\\Documents\\GitHub\\nodejs-cv-filter-training\\tests\\auth.test.js","startTime":1785758015793,"status":"failed","summary":""}],"wasInterrupted":false}
